<?xml version="1.0" encoding="UTF-8"?>
<!-- Generated by org.testng.reporters.JUnitReportReporter -->
<testsuite skipped="0" hostname="sakshi" name="com.sanyam.testproject.HomePageTest" tests="2" failures="0" timestamp="24 Mar 2021 19:53:03 GMT" time="6.791" errors="0">
  <testcase name="veriftLoggedInUSerTest" time="0.298" classname="com.sanyam.testproject.HomePageTest"/>
  <testcase name="contactsButtonTest" time="6.493" classname="com.sanyam.testproject.HomePageTest"/>
</testsuite> <!-- com.sanyam.testproject.HomePageTest -->
