<?xml version="1.0" encoding="UTF-8"?>
<!-- Generated by org.testng.reporters.JUnitReportReporter -->
<testsuite skipped="0" hostname="sakshi" name="com.sanyam.testproject.HomePageTest" tests="2" failures="0" timestamp="23 Mar 2021 07:02:56 GMT" time="9.463" errors="0">
  <testcase name="contactsButtonTest" time="9.198" classname="com.sanyam.testproject.HomePageTest"/>
  <testcase name="veriftLoggedInUSerTest" time="0.265" classname="com.sanyam.testproject.HomePageTest"/>
</testsuite> <!-- com.sanyam.testproject.HomePageTest -->
