<?xml version="1.0" encoding="UTF-8"?>
<!-- Generated by org.testng.reporters.JUnitReportReporter -->
<testsuite skipped="0" hostname="sakshi" name="com.sanyam.testproject.HomePageTest" tests="2" failures="0" timestamp="28 Mar 2021 01:22:14 GMT" time="1.680" errors="0">
  <testcase name="veriftLoggedInUSerTest" time="1.202" classname="com.sanyam.testproject.HomePageTest"/>
  <testcase name="contactsButtonTest" time="0.478" classname="com.sanyam.testproject.HomePageTest"/>
</testsuite> <!-- com.sanyam.testproject.HomePageTest -->
