<?xml version="1.0" encoding="UTF-8"?>
<!-- Generated by org.testng.reporters.JUnitReportReporter -->
<testsuite skipped="0" hostname="sakshi" name="com.sanyam.testproject.HomePageTest" tests="2" failures="0" timestamp="21 Mar 2021 19:32:13 GMT" time="1.366" errors="0">
  <testcase name="veriftLoggedInUSerTest" time="0.082" classname="com.sanyam.testproject.HomePageTest"/>
  <testcase name="contactsButtonTest" time="1.284" classname="com.sanyam.testproject.HomePageTest"/>
</testsuite> <!-- com.sanyam.testproject.HomePageTest -->
