<?xml version="1.0" encoding="UTF-8"?>
<!-- Generated by org.testng.reporters.JUnitReportReporter -->
<testsuite skipped="0" hostname="sakshi" name="com.sanyam.testproject.HomePageTest" tests="2" failures="0" timestamp="13 Apr 2021 20:21:33 GMT" time="3.163" errors="0">
  <testcase name="veriftLoggedInUSerTest" time="2.015" classname="com.sanyam.testproject.HomePageTest"/>
  <testcase name="contactsButtonTest" time="1.148" classname="com.sanyam.testproject.HomePageTest"/>
</testsuite> <!-- com.sanyam.testproject.HomePageTest -->
