<?xml version="1.0" encoding="UTF-8"?>
<!-- Generated by org.testng.reporters.JUnitReportReporter -->
<testsuite skipped="0" hostname="sakshi" name="com.sanyam.testproject.HomePageTest" tests="1" failures="0" timestamp="21 Mar 2021 12:52:52 GMT" time="1.119" errors="0">
  <testcase name="veriftLoggedInUSerTest" time="1.119" classname="com.sanyam.testproject.HomePageTest"/>
</testsuite> <!-- com.sanyam.testproject.HomePageTest -->
