<?xml version="1.0" encoding="UTF-8"?>
<!-- Generated by org.testng.reporters.JUnitReportReporter -->
<testsuite skipped="0" hostname="sakshi" name="com.sanyam.SeleniumProject.TestPractice" tests="5" failures="0" timestamp="24 Feb 2021 09:14:38 GMT" time="0.053" errors="0">
  <testcase name="B" time="0.006" classname="com.sanyam.SeleniumProject.TestPractice"/>
  <testcase name="D" time="0.004" classname="com.sanyam.SeleniumProject.TestPractice"/>
  <testcase name="C" time="0.003" classname="com.sanyam.SeleniumProject.TestPractice"/>
  <testcase name="A" time="0.033" classname="com.sanyam.SeleniumProject.TestPractice"/>
  <testcase name="AE" time="0.007" classname="com.sanyam.SeleniumProject.TestPractice"/>
</testsuite> <!-- com.sanyam.SeleniumProject.TestPractice -->
