<?xml version="1.0" encoding="UTF-8"?>
<!-- Generated by org.testng.reporters.JUnitReportReporter -->
<testsuite skipped="0" hostname="sakshi" name="com.sanyam.testproject.HomePageTest" tests="2" failures="0" timestamp="28 Mar 2021 23:02:32 GMT" time="6.938" errors="0">
  <testcase name="veriftLoggedInUSerTest" time="3.600" classname="com.sanyam.testproject.HomePageTest"/>
  <testcase name="contactsButtonTest" time="3.338" classname="com.sanyam.testproject.HomePageTest"/>
</testsuite> <!-- com.sanyam.testproject.HomePageTest -->
